<?xml version="1.0" encoding="UTF-8"?>
<testng-results ignored="0" total="2" passed="2" failed="0" skipped="0">
  <reporter-output>
  </reporter-output>
  <suite started-at="2021-05-17T21:14:36 PST" name="Default suite" finished-at="2021-05-17T21:14:38 PST" duration-ms="2647">
    <groups>
    </groups>
    <test started-at="2021-05-17T21:14:36 PST" name="Default test" finished-at="2021-05-17T21:14:38 PST" duration-ms="2647">
      <class name="Test1_GET">
        <test-method signature="test_01()[pri:0, instance:Test1_GET@4387b79e]" started-at="2021-05-17T21:14:36 PST" name="test_01" finished-at="2021-05-17T21:14:37 PST" duration-ms="1772" status="PASS">
          <reporter-output>
          </reporter-output>
        </test-method> <!-- test_01 -->
        <test-method signature="test_02()[pri:0, instance:Test1_GET@4387b79e]" started-at="2021-05-17T21:14:37 PST" name="test_02" finished-at="2021-05-17T21:14:38 PST" duration-ms="841" status="PASS">
          <reporter-output>
          </reporter-output>
        </test-method> <!-- test_02 -->
      </class> <!-- Test1_GET -->
    </test> <!-- Default test -->
  </suite> <!-- Default suite -->
</testng-results>
